c:\users\ryfiusleeker\source\repos\devourunlockerdirectx11\devourunlockerdirectx11\x64\release\vc143.pdb
c:\users\ryfiusleeker\source\repos\devourunlockerdirectx11\devourunlockerdirectx11\x64\release\kiero.obj
c:\users\ryfiusleeker\source\repos\devourunlockerdirectx11\devourunlockerdirectx11\x64\release\imgui_widgets.obj
c:\users\ryfiusleeker\source\repos\devourunlockerdirectx11\devourunlockerdirectx11\x64\release\imgui_tables.obj
c:\users\ryfiusleeker\source\repos\devourunlockerdirectx11\devourunlockerdirectx11\x64\release\imgui_impl_win32.obj
c:\users\ryfiusleeker\source\repos\devourunlockerdirectx11\devourunlockerdirectx11\x64\release\imgui_impl_dx11.obj
c:\users\ryfiusleeker\source\repos\devourunlockerdirectx11\devourunlockerdirectx11\x64\release\imgui_draw.obj
c:\users\ryfiusleeker\source\repos\devourunlockerdirectx11\devourunlockerdirectx11\x64\release\imgui_demo.obj
c:\users\ryfiusleeker\source\repos\devourunlockerdirectx11\devourunlockerdirectx11\x64\release\imgui.obj
c:\users\ryfiusleeker\source\repos\devourunlockerdirectx11\devourunlockerdirectx11\x64\release\dllmain.obj
c:\users\ryfiusleeker\source\repos\devourunlockerdirectx11\x64\release\minhook.x64.dll
c:\users\ryfiusleeker\source\repos\devourunlockerdirectx11\x64\release\devourunlockerdirectx11.dll
c:\users\ryfiusleeker\source\repos\devourunlockerdirectx11\devourunlockerdirectx11\x64\release\devourunlockerdirectx11.ipdb
c:\users\ryfiusleeker\source\repos\devourunlockerdirectx11\x64\release\devourunlockerdirectx11.pdb
c:\users\ryfiusleeker\source\repos\devourunlockerdirectx11\devourunlockerdirectx11\x64\release\devourunlockerdirectx11.iobj
c:\users\ryfiusleeker\source\repos\devourunlockerdirectx11\devourunlockerdirectx11\x64\release\devourun.5e484f81.tlog\cl.command.1.tlog
c:\users\ryfiusleeker\source\repos\devourunlockerdirectx11\devourunlockerdirectx11\x64\release\devourun.5e484f81.tlog\cl.read.1.tlog
c:\users\ryfiusleeker\source\repos\devourunlockerdirectx11\devourunlockerdirectx11\x64\release\devourun.5e484f81.tlog\cl.write.1.tlog
c:\users\ryfiusleeker\source\repos\devourunlockerdirectx11\devourunlockerdirectx11\x64\release\devourun.5e484f81.tlog\devourunlockerdirectx11.write.1u.tlog
c:\users\ryfiusleeker\source\repos\devourunlockerdirectx11\devourunlockerdirectx11\x64\release\devourun.5e484f81.tlog\link.command.1.tlog
c:\users\ryfiusleeker\source\repos\devourunlockerdirectx11\devourunlockerdirectx11\x64\release\devourun.5e484f81.tlog\link.read.1.tlog
c:\users\ryfiusleeker\source\repos\devourunlockerdirectx11\devourunlockerdirectx11\x64\release\devourun.5e484f81.tlog\link.write.1.tlog
